<?xml version="1.0" encoding="UTF-8"?>
<!-- Generated by org.testng.reporters.JUnitReportReporter -->
<testsuite hostname="DESKTOP-TL937AO" failures="0" tests="3" name="testCases.TC0002_testLogin" time="11.221" errors="0" timestamp="2025-05-03T23:16:53 WEST" skipped="0">
  <testcase classname="testCases.TC0002_testLogin" name="testLogin" time="3.646"/>
  <testcase classname="testCases.TC0002_testLogin" name="testLogin" time="4.439"/>
  <testcase classname="testCases.TC0002_testLogin" name="testLogin" time="3.136"/>
</testsuite> <!-- testCases.TC0002_testLogin -->
