<?xml version="1.0" encoding="UTF-8"?>
<!-- Generated by org.testng.reporters.JUnitReportReporter -->
<testsuite hostname="DESKTOP-TL937AO" failures="0" tests="6" name="testCases.TC0003_testLoginDataDriven" time="53.130" errors="0" timestamp="2025-05-02T20:47:35 WEST" skipped="0">
  <testcase classname="testCases.TC0003_testLoginDataDriven" name="testLogin" time="7.755"/>
  <testcase classname="testCases.TC0003_testLoginDataDriven" name="testLogin" time="9.806"/>
  <testcase classname="testCases.TC0003_testLoginDataDriven" name="testLogin" time="10.801"/>
  <testcase classname="testCases.TC0003_testLoginDataDriven" name="testLogin" time="10.366"/>
  <testcase classname="testCases.TC0003_testLoginDataDriven" name="testLogin" time="7.293"/>
  <testcase classname="testCases.TC0003_testLoginDataDriven" name="testLogin" time="7.109"/>
</testsuite> <!-- testCases.TC0003_testLoginDataDriven -->
