<?xml version="1.0" encoding="UTF-8"?>
<!-- Generated by org.testng.reporters.JUnitReportReporter -->
<testsuite hostname="DESKTOP-TL937AO" failures="0" tests="3" name="testCases.TC0001_testAccountRegistration" time="25.028" errors="0" timestamp="2025-05-03T23:16:53 WEST" skipped="0">
  <testcase classname="testCases.TC0001_testAccountRegistration" name="testRegister" time="8.244"/>
  <testcase classname="testCases.TC0001_testAccountRegistration" name="testRegister" time="8.743"/>
  <testcase classname="testCases.TC0001_testAccountRegistration" name="testRegister" time="8.041"/>
</testsuite> <!-- testCases.TC0001_testAccountRegistration -->
