<?xml version="1.0" encoding="UTF-8"?>
<!-- Generated by org.testng.reporters.JUnitReportReporter -->
<testsuite hostname="DESKTOP-TL937AO" failures="0" tests="1" name="testCases.TC0001_testAccountRegistration" time="6.469" errors="0" timestamp="2025-05-04T14:01:01 WEST" skipped="0">
  <testcase classname="testCases.TC0001_testAccountRegistration" name="testRegister" time="6.469"/>
</testsuite> <!-- testCases.TC0001_testAccountRegistration -->
